<?xml version="1.0" encoding="UTF-8"?>
<!-- Generated by org.testng.reporters.JUnitReportReporter -->
<testsuite hostname="mmiguez" failures="0" tests="1" name="com.solvd.LoginTest" time="2.397" errors="0" timestamp="2025-02-18T09:57:44 GMT-03:00" skipped="0">
  <testcase classname="com.solvd.LoginTest" name="testUsernameFieldIsVisible" time="2.397"/>
</testsuite> <!-- com.solvd.LoginTest -->
